<?xml version="1.0" encoding="UTF-8"?>
<testsuite xmlns:xsi="http://www.w3.org/2001/XMLSchema-instance" xsi:noNamespaceSchemaLocation="https://maven.apache.org/surefire/maven-surefire-plugin/xsd/surefire-test-report-3.0.xsd" version="3.0" name="com.assignment.ProducerConsumerTest" time="0.069" tests="2" errors="0" skipped="0" failures="0">
  <properties>
[...]
</properties>
  <testcase name="testTask2BoundedBuffer" classname="com.assignment.ProducerConsumerTest" time="0.03"/>
  <testcase name="testTask1BlockingQueue" classname="com.assignment.ProducerConsumerTest" time="0.031">
    <system-err><![CDATA[[Thread-3] INFO com.assignment.Producer - Producing: Item[0:payload-0]
[Thread-3] INFO com.assignment.Producer - Producing: Item[1:payload-1]
[Thread-3] INFO com.assignment.Producer - Producing: Item[2:payload-2]
[Thread-3] INFO com.assignment.Producer - Producing: Item[3:payload-3]
[Thread-4] INFO com.assignment.Consumer - Consumed: Item[0:payload-0]
[Thread-4] INFO com.assignment.Consumer - Consumed: Item[1:payload-1]
[Thread-3] INFO com.assignment.Producer - Producing: Item[4:payload-4]
[Thread-3] INFO com.assignment.Producer - Producing: Item[5:payload-5]
[Thread-4] INFO com.assignment.Consumer - Consumed: Item[2:payload-2]
[Thread-4] INFO com.assignment.Consumer - Consumed: Item[3:payload-3]
[Thread-3] INFO com.assignment.Producer - Producing: Item[6:payload-6]
[Thread-4] INFO com.assignment.Consumer - Consumed: Item[4:payload-4]
[Thread-3] INFO com.assignment.Producer - Producing: Item[7:payload-7]
[Thread-4] INFO com.assignment.Consumer - Consumed: Item[5:payload-5]
[Thread-3] INFO com.assignment.Producer - Producing: Item[8:payload-8]
[Thread-4] INFO com.assignment.Consumer - Consumed: Item[6:payload-6]
[Thread-4] INFO com.assignment.Consumer - Consumed: Item[7:payload-7]
[Thread-3] INFO com.assignment.Producer - Producing: Item[9:payload-9]
[Thread-4] INFO com.assignment.Consumer - Consumed: Item[8:payload-8]
[Thread-3] INFO com.assignment.Producer - Producing: Item[10:payload-10]
[Thread-4] INFO com.assignment.Consumer - Consumed: Item[9:payload-9]
[Thread-3] INFO com.assignment.Producer - Producing: Item[11:payload-11]
[Thread-4] INFO com.assignment.Consumer - Consumed: Item[10:payload-10]
[Thread-4] INFO com.assignment.Consumer - Consumed: Item[11:payload-11]
[Thread-3] INFO com.assignment.Producer - Producing: Item[12:payload-12]
[Thread-3] INFO com.assignment.Producer - Producing: Item[13:payload-13]
[Thread-4] INFO com.assignment.Consumer - Consumed: Item[12:payload-12]
[Thread-3] INFO com.assignment.Producer - Producing: Item[14:payload-14]
[Thread-4] INFO com.assignment.Consumer - Consumed: Item[13:payload-13]
[Thread-3] INFO com.assignment.Producer - Producing: Item[15:payload-15]
[Thread-4] INFO com.assignment.Consumer - Consumed: Item[14:payload-14]
[Thread-4] INFO com.assignment.Consumer - Consumed: Item[15:payload-15]
[Thread-3] INFO com.assignment.Producer - Producing: Item[16:payload-16]
[Thread-3] INFO com.assignment.Producer - Producing: Item[17:payload-17]
[Thread-4] INFO com.assignment.Consumer - Consumed: Item[16:payload-16]
[Thread-3] INFO com.assignment.Producer - Producing: Item[18:payload-18]
[Thread-4] INFO com.assignment.Consumer - Consumed: Item[17:payload-17]
[Thread-3] INFO com.assignment.Producer - Producing: Item[19:payload-19]
[Thread-4] INFO com.assignment.Consumer - Consumed: Item[18:payload-18]
[Thread-3] INFO com.assignment.Producer - Sending poison pill...
[Thread-4] INFO com.assignment.Consumer - Consumed: Item[19:payload-19]
[Thread-4] INFO com.assignment.Consumer - Poison pill received. Stopping consumer...
]]></system-err>
  </testcase>
</testsuite>